[1] 12
[1] 14
Bytecode ver. 10

 - #2: c<-a+1
  @ a
   1: GETVAR              a
  @ 1
   3: LDCONST             1
  @ a + 1
   5: ADD                 a + 1
  @ c <- a + 1
   7: SETVAR              c
   9: POP                 
 - #3: d<-c+a
  @ c
  10: GETVAR              c
  @ a
  12: (BR) GETVAR         a
  @ c + a
  14: (BR) ADD            c + a
  @ d <- c + a
  16: SETVAR              d
  18: POP                 
 - #4: c-d
  @ c
  19: GETVAR              c
  @ d
  21: GETVAR              d
  @ c - d
  23: SUB                 c - d
  25: RETURN              

[1] 12 14
