
R Under development (unstable) (2017-07-06 r72894) -- "Unsuffered Consequences"
Copyright (C) 2017 The R Foundation for Statistical Computing
Platform: x86_64-pc-linux-gnu (64-bit)

R is free software and comes with ABSOLUTELY NO WARRANTY.
You are welcome to redistribute it under certain conditions.
Type 'license()' or 'licence()' for distribution details.

  Natural language support but running in an English locale

R is a collaborative project with many contributors.
Type 'contributors()' for more information and
'citation()' on how to cite R or R packages in publications.

Type 'demo()' for some demos, 'help()' for on-line help, or
'help.start()' for an HTML browser interface to help.
Type 'q()' to quit R.

> options(keep.source=TRUE)
> library(compiler)
> library(bctools)
> f<-function(a) while(a) a <- a-1
> compiled<-cmpfun(f)
> 
> print(disassemble(compiled),verbose=0)

1:
 - #1: function(a) while(a) a <- a-1
  GETVAR              a
  BRIFNOT             while (a) a <- a - 1	 | $2
  GETVAR              a
  LDCONST             1
  SUB                 
  SETVAR              a
  POP                 
  GOTO                $1
2:
  LDNULL              
  INVISIBLE           
  RETURN              

> 
