
R Under development (unstable) (2017-07-06 r72894) -- "Unsuffered Consequences"
Copyright (C) 2017 The R Foundation for Statistical Computing
Platform: x86_64-pc-linux-gnu (64-bit)

R is free software and comes with ABSOLUTELY NO WARRANTY.
You are welcome to redistribute it under certain conditions.
Type 'license()' or 'licence()' for distribution details.

  Natural language support but running in an English locale

R is a collaborative project with many contributors.
Type 'contributors()' for more information and
'citation()' on how to cite R or R packages in publications.

Type 'demo()' for some demos, 'help()' for on-line help, or
'help.start()' for an HTML browser interface to help.
Type 'q()' to quit R.

> source("simple_bc_verbosity1.R")
Bytecode ver. 10

1:
 - simple_bc_verbosity1.R#4: function(a) while(a) a <- a-1
  @ a
   1: GETVAR              a
  @ while (a) a <- a - 1
   3: BRIFNOT             while (a) a <- a - 1	 | $2
  @ a
   6: GETVAR              a
  @ 1
   8: LDCONST             1
  @ a - 1
  10: SUB                 
  @ a <- a - 1
  12: SETVAR              a
  @ while (a) a <- a - 1
  14: POP                 
  15: GOTO                $1
2:
  17: LDNULL              
  18: INVISIBLE           
  19: RETURN              

> 
