\BOOKMARK [2][-]{section*.1}{\376\377\000C\000i\000t\000a\000t\000i\000o\000n\000\040\000o\000f\000\040\000t\000h\000i\000s\000\040\000t\000h\000e\000s\000i\000s}{}% 1
\BOOKMARK [0][-]{chapter*.5}{\376\377\000I\000n\000t\000r\000o\000d\000u\000c\000t\000i\000o\000n}{}% 2
\BOOKMARK [1][-]{section*.6}{\376\377\000M\000o\000t\000i\000v\000a\000t\000i\000o\000n\000\040\000a\000n\000d\000\040\000o\000b\000j\000e\000c\000t\000i\000v\000e\000s}{chapter*.5}% 3
\BOOKMARK [0][-]{chapter.1}{\376\377\000A\000n\000a\000l\000y\000s\000i\000s\000\040\000a\000n\000d\000\040\000d\000e\000s\000i\000g\000n}{}% 4
\BOOKMARK [1][-]{section.1.1}{\376\377\000G\000N\000U\000\040\000R\000\040\000f\000r\000o\000m\000\040\000u\000s\000e\000r\000\040\000p\000e\000r\000s\000p\000e\000c\000t\000i\000v\000e}{chapter.1}% 5
\BOOKMARK [2][-]{subsection.1.1.1}{\376\377\000B\000a\000s\000i\000s\000\040\000u\000s\000a\000g\000e\000\040\000\050\000m\000a\000i\000n\000\040\000c\000o\000m\000m\000a\000n\000d\000s\000\040\000a\000n\000d\000\040\000R\000E\000P\000L\000\040\000l\000o\000o\000p\000\051}{section.1.1}% 6
\BOOKMARK [2][-]{subsection.1.1.2}{\376\377\000G\000N\000U\000\040\000R\000\040\000p\000a\000c\000k\000a\000g\000e\000\040\000s\000y\000s\000t\000e\000m}{section.1.1}% 7
\BOOKMARK [2][-]{subsection.1.1.3}{\376\377\000G\000N\000U\000\040\000R\000\040\000c\000l\000a\000s\000s\000\040\000s\000y\000s\000t\000e\000m}{section.1.1}% 8
\BOOKMARK [1][-]{section.1.2}{\376\377\000G\000N\000U\000\040\000R\000\040\000i\000n\000t\000e\000r\000n\000a\000l\000\040\000s\000t\000r\000u\000c\000t\000u\000r\000e}{chapter.1}% 9
\BOOKMARK [2][-]{subsection.1.2.1}{\376\377\000I\000m\000p\000l\000e\000m\000e\000n\000t\000a\000t\000i\000o\000n\000\040\000o\000f\000\040\000t\000h\000e\000\040\000c\000o\000r\000e\000\040\000f\000e\000a\000t\000u\000r\000e\000s\000\040\000o\000f\000\040\000l\000a\000n\000g\000u\000a\000g\000e\000\040\000i\000n\000\040\000R\000\040\000i\000t\000s\000e\000l\000f}{section.1.2}% 10
\BOOKMARK [2][-]{subsection.1.2.2}{\376\377\000C\000a\000l\000l\000i\000n\000g\000\040\000i\000n\000t\000e\000r\000n\000a\000l\000\040\000C\000\040\000f\000u\000n\000c\000t\000i\000o\000n\000s\000\040\000f\000r\000o\000m\000\040\000R}{section.1.2}% 11
\BOOKMARK [1][-]{section.1.3}{\376\377\000C\000o\000m\000p\000u\000t\000e\000r\000\040\000P\000r\000o\000g\000r\000a\000m\000\040\000C\000o\000m\000p\000i\000l\000e\000r\000\040\000S\000t\000r\000u\000c\000t\000u\000r\000e}{chapter.1}% 12
\BOOKMARK [2][-]{subsection.1.3.1}{\376\377\000V\000i\000r\000t\000u\000a\000l\000\040\000M\000a\000c\000h\000i\000n\000e}{section.1.3}% 13
\BOOKMARK [3][-]{subsubsection.1.3.1.1}{\376\377\000I\000n\000t\000e\000r\000n\000a\000l\000\040\000p\000a\000r\000t\000s\000\040\000o\000f\000\040\000t\000h\000e\000\040\000V\000M}{subsection.1.3.1}% 14
\BOOKMARK [2][-]{subsection.1.3.2}{\376\377\000G\000N\000U\000\040\000R\000\040\000m\000e\000m\000o\000r\000y\000\040\000t\000y\000p\000e\000s\000\040\000a\000n\000d\000\040\000m\000e\000m\000o\000r\000y\000\040\000m\000a\000n\000a\000g\000e\000m\000e\000n\000t}{section.1.3}% 15
\BOOKMARK [2][-]{subsection.1.3.3}{\376\377\000G\000N\000U\000\040\000R\000\040\000g\000a\000r\000b\000a\000g\000e\000\040\000c\000o\000l\000l\000e\000c\000t\000o\000r}{section.1.3}% 16
\BOOKMARK [2][-]{subsection.1.3.4}{\376\377\000C\000o\000m\000p\000u\000t\000e\000d\000\040\000G\000O\000T\000O}{section.1.3}% 17
\BOOKMARK [3][-]{subsubsection.1.3.4.1}{\376\377\000C\000o\000m\000p\000u\000t\000e\000d\000\040\000G\000O\000T\000O\000\040\000n\000o\000t\000\040\000u\000s\000e\000d\000\040\000-\000\040\000S\000w\000i\000t\000c\000h\000\040\000d\000i\000s\000p\000a\000t\000c\000h}{subsection.1.3.4}% 18
\BOOKMARK [3][-]{subsubsection.1.3.4.2}{\376\377\000G\000O\000T\000O\000\040\000n\000o\000t\000\040\000u\000s\000e\000d}{subsection.1.3.4}% 19
\BOOKMARK [2][-]{subsection.1.3.5}{\376\377\000A\000b\000s\000t\000r\000a\000c\000t\000\040\000S\000y\000n\000t\000a\000x\000\040\000T\000r\000e\000e}{section.1.3}% 20
\BOOKMARK [2][-]{subsection.1.3.6}{\376\377\000B\000y\000t\000e\000c\000o\000d\000e}{section.1.3}% 21
\BOOKMARK [2][-]{subsection.1.3.7}{\376\377\000J\000u\000s\000t\000\040\000i\000n\000\040\000T\000i\000m\000e\000\040\000c\000o\000m\000p\000i\000l\000a\000t\000i\000o\000n}{section.1.3}% 22
\BOOKMARK [2][-]{subsection.1.3.8}{\376\377\000C\000o\000m\000p\000u\000t\000e\000r\000\040\000l\000a\000n\000g\000u\000a\000g\000e\000\040\000p\000r\000o\000m\000i\000s\000e\000s}{section.1.3}% 23
\BOOKMARK [1][-]{section.1.4}{\376\377\000G\000N\000U\000\040\000R\000\040\000B\000y\000t\000e\000c\000o\000d\000e}{chapter.1}% 24
\BOOKMARK [2][-]{subsection.1.4.1}{\376\377\000G\000N\000U\000\040\000R\000\040\000i\000n\000t\000e\000r\000n\000a\000l\000\040\000r\000e\000p\000r\000e\000s\000e\000n\000t\000a\000t\000i\000o\000n\000\040\000o\000f\000\040\000b\000y\000t\000e\000c\000o\000d\000e}{section.1.4}% 25
\BOOKMARK [2][-]{subsection.1.4.2}{\376\377\000E\000x\000p\000r\000e\000s\000s\000i\000o\000n\000\040\000a\000n\000d\000\040\000s\000o\000u\000r\000c\000e\000\040\000r\000e\000f\000e\000r\000e\000n\000c\000e\000s}{section.1.4}% 26
\BOOKMARK [1][-]{section.1.5}{\376\377\000C\000u\000r\000r\000e\000n\000t\000\040\000i\000m\000p\000l\000e\000m\000e\000n\000t\000a\000t\000i\000o\000n\000\040\000o\000f\000\040\000A\000S\000T\000\040\000d\000e\000b\000u\000g\000g\000e\000r}{chapter.1}% 27
\BOOKMARK [1][-]{section.1.6}{\376\377\000C\000u\000r\000r\000e\000n\000t\000\040\000i\000m\000p\000l\000e\000m\000e\000n\000t\000a\000t\000i\000o\000n\000\040\000o\000f\000\040\000B\000y\000t\000e\000c\000o\000d\000e\000\040\000d\000i\000s\000a\000s\000s\000e\000m\000b\000l\000e\000r}{chapter.1}% 28
\BOOKMARK [1][-]{section.1.7}{\376\377\000A\000n\000a\000l\000y\000s\000i\000s\000\040\000o\000f\000\040\000d\000i\000s\000a\000s\000s\000e\000m\000b\000l\000e\000r\000\040\000i\000m\000p\000r\000o\000v\000e\000m\000e\000n\000t\000s}{chapter.1}% 29
\BOOKMARK [2][-]{subsection.1.7.1}{\376\377\000J\000a\000v\000a\000\040\000b\000y\000t\000e\000c\000o\000d\000e\000\040\000d\000i\000s\000a\000s\000s\000e\000m\000b\000l\000e\000r}{section.1.7}% 30
\BOOKMARK [2][-]{subsection.1.7.2}{\376\377\000P\000y\000t\000h\000o\000n\000\040\000b\000y\000t\000e\000c\000o\000d\000e\000\040\000d\000i\000s\000a\000s\000s\000e\000m\000b\000l\000e\000r}{section.1.7}% 31
\BOOKMARK [2][-]{subsection.1.7.3}{\376\377\000S\000u\000m\000m\000a\000r\000y}{section.1.7}% 32
\BOOKMARK [1][-]{section.1.8}{\376\377\000A\000n\000a\000l\000y\000s\000i\000s\000\040\000o\000f\000\040\000B\000y\000t\000e\000c\000o\000d\000e\000\040\000d\000e\000b\000u\000g\000g\000e\000r\000\040\000i\000m\000p\000l\000e\000m\000e\000n\000t\000a\000t\000i\000o\000n}{chapter.1}% 33
\BOOKMARK [2][-]{subsection.1.8.1}{\376\377\000I\000n\000s\000p\000i\000r\000a\000t\000i\000o\000n\000\040\000w\000i\000t\000h\000\040\000c\000u\000r\000r\000e\000n\000t\000\040\000A\000S\000T\000\040\000i\000m\000p\000l\000e\000m\000e\000n\000t\000a\000t\000i\000o\000n}{section.1.8}% 34
\BOOKMARK [2][-]{subsection.1.8.2}{\376\377\000I\000m\000p\000l\000e\000m\000e\000n\000t\000a\000t\000i\000o\000n\000\040\000i\000n\000s\000i\000d\000e\000\040\000P\000y\000t\000h\000o\000n\000\040\000V\000M}{section.1.8}% 35
\BOOKMARK [2][-]{subsection.1.8.3}{\376\377\000I\000m\000p\000l\000e\000m\000e\000n\000t\000a\000t\000i\000o\000n\000\040\000i\000n\000s\000i\000d\000e\000\040\000V\0008\000\040\000V\000M}{section.1.8}% 36
\BOOKMARK [2][-]{subsection.1.8.4}{\376\377\000U\000s\000e\000r\000\040\000i\000n\000t\000e\000r\000a\000c\000e\000\040\000a\000n\000d\000\040\000s\000t\000a\000t\000e\000\040\000o\000f\000\040\000t\000h\000e\000\040\000B\000C\000\040\000e\000v\000a\000l\000u\000a\000t\000o\000r}{section.1.8}% 37
\BOOKMARK [2][-]{subsection.1.8.5}{\376\377\000S\000u\000m\000m\000a\000r\000y}{section.1.8}% 38
\BOOKMARK [0][-]{chapter.2}{\376\377\000R\000e\000a\000l\000i\000z\000a\000t\000i\000o\000n}{}% 39
\BOOKMARK [1][-]{section.2.1}{\376\377\000I\000m\000p\000l\000e\000m\000e\000n\000t\000a\000t\000i\000o\000n\000\040\000o\000f\000\040\000t\000h\000e\000\040\000d\000i\000s\000a\000s\000s\000e\000m\000b\000l\000e\000r}{chapter.2}% 40
\BOOKMARK [2][-]{subsection.2.1.1}{\376\377\000U\000s\000e\000r\000\040\000i\000n\000t\000e\000r\000f\000a\000c\000e}{section.2.1}% 41
\BOOKMARK [2][-]{subsection.2.1.2}{\376\377\000I\000n\000s\000t\000r\000u\000c\000t\000i\000o\000n\000\040\000a\000r\000g\000u\000m\000e\000n\000t\000s}{section.2.1}% 42
\BOOKMARK [2][-]{subsection.2.1.3}{\376\377\000A\000n\000n\000o\000t\000a\000t\000i\000o\000n\000\040\000o\000f\000\040\000i\000n\000s\000t\000r\000u\000c\000t\000i\000o\000n\000s}{section.2.1}% 43
\BOOKMARK [2][-]{subsection.2.1.4}{\376\377\000I\000n\000s\000t\000r\000u\000c\000t\000i\000o\000n\000\040\000a\000r\000g\000u\000m\000e\000n\000t\000s\000\040\000a\000n\000d\000\040\000l\000a\000b\000e\000l\000s}{section.2.1}% 44
\BOOKMARK [2][-]{subsection.2.1.5}{\376\377\000C\000o\000m\000p\000u\000t\000i\000n\000g\000\040\000o\000f\000\040\000l\000a\000b\000e\000l\000s}{section.2.1}% 45
\BOOKMARK [2][-]{subsection.2.1.6}{\376\377\000V\000e\000r\000b\000o\000s\000i\000t\000y\000\040\000a\000n\000d\000\040\000f\000o\000r\000m\000a\000t\000t\000i\000n\000g}{section.2.1}% 46
\BOOKMARK [2][-]{subsection.2.1.7}{\376\377\000F\000u\000n\000c\000t\000i\000o\000n\000\040\000t\000y\000p\000e\000s\000\040\000i\000n\000\040\000t\000h\000e\000\040\000c\000o\000n\000s\000t\000a\000n\000t\000\040\000p\000o\000o\000l}{section.2.1}% 47
\BOOKMARK [2][-]{subsection.2.1.8}{\376\377\000P\000r\000i\000n\000t\000i\000n\000g\000\040\000f\000u\000n\000c\000t\000i\000o\000n\000s}{section.2.1}% 48
\BOOKMARK [2][-]{subsection.2.1.9}{\376\377\000P\000r\000i\000n\000t\000i\000n\000g\000\040\000o\000f\000\040\000d\000i\000f\000f\000e\000r\000e\000n\000t\000\040\000t\000y\000p\000e\000s}{section.2.1}% 49
\BOOKMARK [2][-]{subsection.2.1.10}{\376\377\000D\000o\000c\000u\000m\000e\000n\000t\000i\000n\000g\000\040\000o\000f\000\040\000c\000o\000d\000e}{section.2.1}% 50
\BOOKMARK [1][-]{section.2.2}{\376\377\000I\000m\000p\000l\000e\000m\000e\000n\000t\000a\000t\000i\000o\000n\000\040\000o\000f\000\040\000t\000h\000e\000\040\000b\000y\000t\000e\000c\000o\000d\000e\000\040\000s\000t\000a\000c\000k\000\040\000p\000r\000i\000n\000t\000e\000r}{chapter.2}% 51
\BOOKMARK [2][-]{subsection.2.2.1}{\376\377\000S\000t\000a\000c\000k\000\040\000d\000e\000f\000i\000n\000i\000t\000i\000o\000n}{section.2.2}% 52
\BOOKMARK [2][-]{subsection.2.2.2}{\376\377\000P\000r\000i\000n\000t\000i\000n\000g\000\040\000o\000f\000\040\000t\000h\000e\000\040\000s\000t\000a\000c\000k\000\040\000v\000a\000l\000u\000e\000s}{section.2.2}% 53
\BOOKMARK [2][-]{subsection.2.2.3}{\376\377\000R\000A\000W\000M\000E\000M\000\040\000s\000t\000a\000c\000k\000\040\000t\000y\000p\000e\000\040\000t\000a\000g}{section.2.2}% 54
\BOOKMARK [2][-]{subsection.2.2.4}{\376\377\000P\000e\000r\000s\000i\000s\000t\000i\000n\000g\000\040\000s\000t\000a\000c\000k\000\040\000p\000o\000i\000n\000t\000e\000r\000s}{section.2.2}% 55
\BOOKMARK [1][-]{section.2.3}{\376\377\000I\000m\000p\000l\000e\000m\000e\000n\000t\000a\000t\000i\000o\000n\000\040\000o\000f\000\040\000t\000h\000e\000\040\000d\000e\000b\000u\000g\000g\000e\000r}{chapter.2}% 56
\BOOKMARK [2][-]{subsection.2.3.1}{\376\377\000M\000a\000i\000n\000\040\000i\000d\000e\000a}{section.2.3}% 57
\BOOKMARK [2][-]{subsection.2.3.2}{\376\377\000G\000l\000o\000b\000a\000l\000\040\000d\000e\000s\000i\000g\000n}{section.2.3}% 58
\BOOKMARK [2][-]{subsection.2.3.3}{\376\377\000I\000n\000s\000t\000r\000u\000c\000t\000i\000o\000n\000\040\000f\000o\000r\000\040\000d\000e\000b\000u\000g\000g\000i\000n\000g}{section.2.3}% 59
\BOOKMARK [2][-]{subsection.2.3.4}{\376\377\000S\000t\000o\000r\000i\000n\000g\000\040\000o\000f\000\040\000t\000h\000e\000\040\000o\000r\000i\000g\000i\000n\000a\000l\000\040\000i\000n\000s\000t\000r\000u\000c\000t\000i\000o\000n\000\040\000w\000h\000e\000n\000\040\000t\000h\000e\000\040\000b\000r\000e\000a\000k\000p\000o\000i\000n\000t\000\040\000i\000s\000\040\000s\000e\000t\000t\000e\000d}{section.2.3}% 60
\BOOKMARK [2][-]{subsection.2.3.5}{\376\377\000S\000e\000t\000t\000i\000n\000g\000\040\000a\000n\000d\000\040\000u\000n\000s\000e\000t\000t\000i\000n\000g\000\040\000d\000e\000b\000u\000g\000\040\000i\000n\000s\000t\000r\000u\000c\000t\000i\000o\000n}{section.2.3}% 61
\BOOKMARK [2][-]{subsection.2.3.6}{\376\377\000L\000i\000s\000t\000i\000n\000g\000\040\000b\000r\000e\000a\000k\000p\000o\000i\000n\000t\000s}{section.2.3}% 62
\BOOKMARK [2][-]{subsection.2.3.7}{\376\377\000S\000e\000t\000t\000i\000n\000g\000\040\000t\000h\000e\000\040\000n\000e\000x\000t\000\040\000b\000r\000e\000a\000k\000p\000o\000i\000n\000t}{section.2.3}% 63
\BOOKMARK [2][-]{subsection.2.3.8}{\376\377\000S\000u\000p\000p\000o\000r\000t\000\040\000i\000n\000\040\000t\000h\000e\000\040\000d\000i\000s\000a\000s\000s\000e\000m\000b\000l\000y\000\040\000t\000o\000o\000l}{section.2.3}% 64
\BOOKMARK [2][-]{subsection.2.3.9}{\376\377\000T\000e\000m\000p\000o\000r\000a\000r\000y\000\040\000a\000n\000d\000\040\000r\000e\000g\000u\000l\000a\000r\000\040\000b\000r\000e\000a\000k\000p\000o\000i\000n\000t\000s}{section.2.3}% 65
\BOOKMARK [2][-]{subsection.2.3.10}{\376\377\000I\000m\000p\000l\000e\000m\000e\000n\000t\000a\000t\000i\000o\000n\000\040\000o\000f\000\040\000t\000h\000e\000\040\000b\000r\000e\000a\000k\000p\000o\000i\000n\000t\000\040\000i\000n\000s\000t\000r\000u\000c\000t\000i\000o\000n\000s}{section.2.3}% 66
\BOOKMARK [2][-]{subsection.2.3.11}{\376\377\000B\000y\000t\000e\000c\000o\000d\000e\000\040\000i\000n\000t\000e\000r\000p\000r\000e\000t\000e\000r\000\040\000i\000n\000t\000e\000r\000n\000a\000l\000\040\000s\000t\000a\000t\000u\000s}{section.2.3}% 67
\BOOKMARK [3][-]{subsubsection.2.3.11.1}{\376\377\000T\000h\000e\000\040\000s\000h\000o\000r\000t\000\040\000c\000o\000m\000p\000a\000c\000t\000\040\000w\000a\000y\000\040\000o\000f\000\040\000s\000t\000a\000t\000u\000s\000\040\000p\000r\000i\000n\000t\000i\000n\000g}{subsection.2.3.11}% 68
\BOOKMARK [3][-]{subsubsection.2.3.11.2}{\376\377\000T\000h\000e\000\040\000l\000o\000n\000g\000\040\000v\000e\000r\000b\000o\000s\000e\000\040\000w\000a\000y\000\040\000s\000h\000o\000w\000i\000n\000g\000\040\000a\000l\000l\000\040\000i\000n\000f\000o\000r\000m\000a\000t\000i\000o\000n}{subsection.2.3.11}% 69
\BOOKMARK [2][-]{subsection.2.3.12}{\376\377\000D\000e\000b\000u\000g\000g\000e\000r\000\040\000j\000u\000m\000p\000i\000n\000g\000\040\000g\000r\000a\000n\000u\000l\000a\000r\000i\000t\000y}{section.2.3}% 70
\BOOKMARK [2][-]{subsection.2.3.13}{\376\377\000H\000a\000n\000d\000l\000i\000n\000g\000\040\000o\000f\000\040\000t\000h\000e\000\040\000r\000e\000c\000u\000r\000s\000i\000v\000e\000\040\000c\000h\000a\000r\000a\000c\000t\000e\000r\000\040\000o\000f\000\040\000t\000h\000e\000\040\000b\000y\000t\000e\000c\000o\000d\000e}{section.2.3}% 71
\BOOKMARK [2][-]{subsection.2.3.14}{\376\377\000T\000h\000r\000e\000a\000d\000e\000d\000\040\000a\000n\000d\000\040\000n\000o\000n\000-\000t\000h\000r\000e\000a\000d\000e\000d\000\040\000d\000e\000s\000i\000g\000n\000\040\000o\000f\000\040\000t\000h\000e\000\040\000a\000p\000p\000l\000i\000c\000a\000t\000i\000o\000n}{section.2.3}% 72
\BOOKMARK [3][-]{subsubsection.2.3.14.1}{\376\377\000T\000H\000R\000E\000A\000D\000E\000D\000\137\000C\000O\000D\000E\000\040\000d\000e\000f\000i\000n\000e\000d}{subsection.2.3.14}% 73
\BOOKMARK [3][-]{subsubsection.2.3.14.2}{\376\377\000T\000H\000R\000E\000A\000D\000E\000D\000\137\000C\000O\000D\000E\000\040\000n\000o\000t\000\040\000d\000e\000f\000i\000n\000e\000d}{subsection.2.3.14}% 74
\BOOKMARK [2][-]{subsection.2.3.15}{\376\377\000H\000a\000n\000d\000l\000i\000n\000g\000\040\000o\000f\000\040\000t\000h\000e\000\040\000d\000e\000b\000u\000g\000g\000e\000r\000\040\000u\000s\000e\000r\000\040\000i\000n\000p\000u\000t}{section.2.3}% 75
\BOOKMARK [2][-]{subsection.2.3.16}{\376\377\000D\000e\000f\000a\000u\000l\000t\000\040\000b\000e\000h\000a\000v\000i\000o\000r\000\040\000o\000f\000\040\000t\000h\000e\000\040\000b\000y\000t\000e\000c\000o\000d\000e\000\040\000d\000e\000b\000u\000g\000g\000e\000r}{section.2.3}% 76
\BOOKMARK [2][-]{subsection.2.3.17}{\376\377\000I\000n\000i\000t\000i\000a\000l\000\040\000e\000n\000t\000r\000y\000\040\000p\000o\000i\000n\000t\000s\000\040\000t\000o\000\040\000t\000h\000e\000\040\000b\000c\000E\000v\000a\000l\000\040\000f\000u\000n\000c\000t\000i\000o\000n\000s}{section.2.3}% 77
\BOOKMARK [1][-]{section.2.4}{\376\377\000S\000i\000m\000u\000l\000a\000t\000e\000d\000\040\000c\000o\000n\000d\000i\000t\000i\000o\000n\000a\000l\000\040\000b\000r\000e\000a\000k\000p\000o\000i\000n\000t\000s}{chapter.2}% 78
\BOOKMARK [0][-]{chapter.3}{\376\377\000T\000e\000s\000t\000i\000n\000g\000\040\000a\000n\000d\000\040\000f\000u\000t\000u\000r\000e\000\040\000w\000o\000r\000k}{}% 79
\BOOKMARK [1][-]{section.3.1}{\376\377\000B\000y\000t\000e\000c\000o\000d\000e\000\040\000d\000i\000s\000a\000s\000s\000e\000m\000b\000l\000e\000r}{chapter.3}% 80
\BOOKMARK [1][-]{section.3.2}{\376\377\000B\000y\000t\000e\000c\000o\000d\000e\000\040\000d\000e\000b\000u\000g\000g\000e\000r}{chapter.3}% 81
\BOOKMARK [2][-]{subsection.3.2.1}{\376\377\000E\000f\000f\000e\000c\000t\000i\000v\000e\000n\000e\000s\000s\000\040\000o\000f\000\040\000t\000e\000s\000t\000i\000n\000g}{section.3.2}% 82
\BOOKMARK [2][-]{subsection.3.2.2}{\376\377\000S\000i\000d\000e\000\040\000e\000f\000f\000e\000c\000t\000s\000\040\000o\000f\000\040\000t\000h\000e\000\040\000s\000c\000r\000i\000p\000t\000s}{section.3.2}% 83
\BOOKMARK [1][-]{section.3.3}{\376\377\000C\000o\000n\000d\000i\000t\000i\000o\000n\000a\000l\000\040\000b\000r\000e\000a\000k\000p\000o\000i\000n\000t\000s}{chapter.3}% 84
\BOOKMARK [1][-]{section.3.4}{\376\377\000P\000e\000r\000f\000o\000r\000m\000a\000n\000c\000e\000\040\000t\000e\000s\000t\000i\000n\000g}{chapter.3}% 85
\BOOKMARK [1][-]{section.3.5}{\376\377\000F\000u\000t\000u\000r\000e\000\040\000w\000o\000r\000k}{chapter.3}% 86
\BOOKMARK [2][-]{subsection.3.5.1}{\376\377\000P\000u\000s\000h\000\040\000i\000n\000t\000o\000\040\000w\000o\000r\000k\000i\000n\000g\000\040\000r\000e\000p\000o\000s\000i\000t\000o\000r\000y}{section.3.5}% 87
\BOOKMARK [2][-]{subsection.3.5.2}{\376\377\000M\000e\000r\000g\000i\000n\000g\000\040\000t\000h\000e\000\040\000b\000c\000t\000o\000o\000l\000s\000\040\000p\000a\000c\000k\000a\000g\000e\000\040\000i\000n\000t\000o\000\040\000t\000h\000e\000\040\000c\000o\000m\000p\000i\000l\000e\000r\000s}{section.3.5}% 88
\BOOKMARK [2][-]{subsection.3.5.3}{\376\377\000G\000N\000U\000\040\000R\000\040\000M\000e\000m\000o\000r\000y\000\040\000o\000p\000t\000i\000m\000i\000z\000a\000t\000i\000o\000n}{section.3.5}% 89
\BOOKMARK [0][-]{chapter*.7}{\376\377\000C\000o\000n\000c\000l\000u\000s\000i\000o\000n}{}% 90
\BOOKMARK [0][-]{section*.9}{\376\377\000B\000i\000b\000l\000i\000o\000g\000r\000a\000p\000h\000y}{}% 91
\BOOKMARK [0][-]{appendix.A}{\376\377\000A\000c\000r\000o\000n\000y\000m\000s}{}% 92
\BOOKMARK [0][-]{appendix.B}{\376\377\000C\000o\000n\000t\000e\000n\000t\000s\000\040\000o\000f\000\040\000e\000n\000c\000l\000o\000s\000e\000d\000\040\000D\000V\000D}{}% 93
